<?xml version="1.0" encoding="UTF-8"?>
<testsuite name="org.example.Ejercicio4Test" tests="1" skipped="0" failures="0" errors="0" timestamp="2024-06-01T00:15:41" hostname="LAUTARO" time="0.115">
  <properties/>
  <testcase name="runFinalizarPrimeraTarea()" classname="org.example.Ejercicio4Test" time="0.115"/>
  <system-out><![CDATA[]]></system-out>
  <system-err><![CDATA[]]></system-err>
</testsuite>
