<?xml version="1.0" encoding="UTF-8"?>
<testsuite name="org.example.CalculadorCombustibleTest" tests="3" skipped="0" failures="0" errors="0" timestamp="2024-06-01T00:15:39" hostname="LAUTARO" time="1.45">
  <properties/>
  <testcase name="testGetInstance_singleton()" classname="org.example.CalculadorCombustibleTest" time="0.005"/>
  <testcase name="testGetInstance_notNull()" classname="org.example.CalculadorCombustibleTest" time="0.003"/>
  <testcase name="calcularCombustible()" classname="org.example.CalculadorCombustibleTest" time="1.438"/>
  <system-out><![CDATA[]]></system-out>
  <system-err><![CDATA[]]></system-err>
</testsuite>
