<?xml version="1.0" encoding="UTF-8"?>
<testsuite name="org.example.AvionComercialTest" tests="1" skipped="0" failures="0" errors="0" timestamp="2024-06-01T00:15:39" hostname="LAUTARO" time="0.061">
  <properties/>
  <testcase name="VolarConDistancia50YConsumo2CalculaCombustible()" classname="org.example.AvionComercialTest" time="0.061"/>
  <system-out><![CDATA[]]></system-out>
  <system-err><![CDATA[]]></system-err>
</testsuite>
